<?xml version="1.0" encoding="UTF-8"?>
<testsuite name="test.base.TestAppExecutorServiceFactory" tests="1" skipped="0" failures="0" errors="0" timestamp="2015-12-17T11:15:39" hostname="nb-jiucai" time="0.004">
  <properties/>
  <testcase name="doTest" classname="test.base.TestAppExecutorServiceFactory" time="0.004"/>
  <system-out><![CDATA[]]></system-out>
  <system-err><![CDATA[SLF4J: Class path contains multiple SLF4J bindings.
SLF4J: Found binding in [jar:file:/C:/Users/jiucai/.gradle/caches/modules-2/files-2.1/org.slf4j/slf4j-log4j12/1.7.13/55517a839e93c29d8a6ce8d8504a3e124e3a5a2f/slf4j-log4j12-1.7.13.jar!/org/slf4j/impl/StaticLoggerBinder.class]
SLF4J: Found binding in [jar:file:/E:/maven/.m2/repository/org/apache/logging/log4j/log4j-slf4j-impl/2.4.1/log4j-slf4j-impl-2.4.1.jar!/org/slf4j/impl/StaticLoggerBinder.class]
SLF4J: See http://www.slf4j.org/codes.html#multiple_bindings for an explanation.
SLF4J: Actual binding is of type [org.slf4j.impl.Log4jLoggerFactory]
log4j:WARN No appenders could be found for logger (org.jiucai.appframework.base.executor.AppExecutorServiceFactory).
log4j:WARN Please initialize the log4j system properly.
log4j:WARN No appenders could be found for logger (test.base.TestThread).
log4j:WARN See http://logging.apache.org/log4j/1.2/faq.html#noconfig for more info.
log4j:WARN Please initialize the log4j system properly.
log4j:WARN See http://logging.apache.org/log4j/1.2/faq.html#noconfig for more info.
]]></system-err>
</testsuite>
