<?xml version="1.0" encoding="UTF-8"?>
<testsuite name="test.base.TestExecutorService" tests="1" skipped="0" failures="0" errors="0" timestamp="2015-12-17T11:15:39" hostname="nb-jiucai" time="0.002">
  <properties/>
  <testcase name="testExecutorService" classname="test.base.TestExecutorService" time="0.002"/>
  <system-out><![CDATA[]]></system-out>
  <system-err><![CDATA[]]></system-err>
</testsuite>
